Arguments: 
  /usr/bin/node /usr/bin/yarn init

PATH: 
  /home/mayko/.composer/vendor/bin:/usr/local/sbin:/usr/local/bin:/usr/sbin:/usr/bin:/sbin:/bin:/usr/games:/usr/local/games:/snap/bin:/home/mayko/Android/Sdk/emulator:/home/mayko/Android/Sdk/tools:/home/mayko/Android/Sdk/tools/bin:/home/mayko/Android/Sdk/platform-tools:/home/mayko/android-studio/bin

Yarn version: 
  1.22.11

Node version: 
  14.17.5

Platform: 
  linux x64

Trace: 
  Error: canceled
      at Interface.<anonymous> (/usr/lib/node_modules/yarn/lib/cli.js:137023:13)
      at Interface.emit (events.js:400:28)
      at Interface._ttyWrite (readline.js:910:16)
      at ReadStream.onkeypress (readline.js:235:10)
      at ReadStream.emit (events.js:400:28)
      at emitKeys (internal/readline/utils.js:358:14)
      at emitKeys.next (<anonymous>)
      at ReadStream.onData (readline.js:1179:36)
      at ReadStream.emit (events.js:400:28)
      at addChunk (internal/streams/readable.js:290:12)

npm manifest: 
  No manifest

yarn manifest: 
  No manifest

Lockfile: 
  No lockfile
